<?xml version="1.0" encoding="UTF-8"?>
<!-- Generated by org.testng.reporters.JUnitXMLReporter -->
<testsuite ignored="0" hostname="CHETUIWK1311" failures="2" tests="26" name="Different testing Feature Test" time="114.739" errors="0" timestamp="2022-04-25T23:34:34 IST">
  <testcase classname="com.test.ExceptionTimeOutTest" name="test1" time="0.015"/>
  <testcase classname="com.test.GoogleTest" name="googleTitleTest" time="0.012"/>
  <testcase classname="com.test.GoogleTest" name="mailLinkTest" time="30.131">
    <failure type="org.openqa.selenium.NoSuchElementException" message="no such element: Unable to locate element: {&amp;quot;method&amp;quot;:&amp;quot;link text&amp;quot;,&amp;quot;selector&amp;quot;:&amp;quot;Mail&amp;quot;}
  (Session info: chrome=100.0.4896.127)
For documentation on this error, please visit: https://www.seleniumhq.org/exceptions/no_such_element.html
Build info: version: &amp;apos;3.141.59&amp;apos;, revision: &amp;apos;e82be7d358&amp;apos;, time: &amp;apos;2018-11-14T08:25:48&amp;apos;
System info: host: &amp;apos;CHETUIWK1311&amp;apos;, ip: &amp;apos;172.16.5.8&amp;apos;, os.name: &amp;apos;Windows 10&amp;apos;, os.arch: &amp;apos;amd64&amp;apos;, os.version: &amp;apos;10.0&amp;apos;, java.version: &amp;apos;14.0.2&amp;apos;
Driver info: org.openqa.selenium.chrome.ChromeDriver
Capabilities {acceptInsecureCerts: false, browserName: chrome, browserVersion: 100.0.4896.127, chrome: {chromedriverVersion: 100.0.4896.60 (6a5d10861ce8..., userDataDir: C:\Users\rohitk4\AppData\Lo...}, goog:chromeOptions: {debuggerAddress: localhost:51484}, javascriptEnabled: true, networkConnectionEnabled: false, pageLoadStrategy: normal, platform: WINDOWS, platformName: WINDOWS, proxy: Proxy(), setWindowRect: true, strictFileInteractability: false, timeouts: {implicit: 0, pageLoad: 300000, script: 30000}, unhandledPromptBehavior: dismiss and notify, webauthn:extension:credBlob: true, webauthn:extension:largeBlob: true, webauthn:virtualAuthenticators: true}
Session ID: 72ca70a33c75ef153c3e8931e9128906
*** Element info: {Using=link text, value=Mail}">
      <![CDATA[org.openqa.selenium.NoSuchElementException: no such element: Unable to locate element: {"method":"link text","selector":"Mail"}
  (Session info: chrome=100.0.4896.127)
For documentation on this error, please visit: https://www.seleniumhq.org/exceptions/no_such_element.html
Build info: version: '3.141.59', revision: 'e82be7d358', time: '2018-11-14T08:25:48'
System info: host: 'CHETUIWK1311', ip: '172.16.5.8', os.name: 'Windows 10', os.arch: 'amd64', os.version: '10.0', java.version: '14.0.2'
Driver info: org.openqa.selenium.chrome.ChromeDriver
Capabilities {acceptInsecureCerts: false, browserName: chrome, browserVersion: 100.0.4896.127, chrome: {chromedriverVersion: 100.0.4896.60 (6a5d10861ce8..., userDataDir: C:\Users\rohitk4\AppData\Lo...}, goog:chromeOptions: {debuggerAddress: localhost:51484}, javascriptEnabled: true, networkConnectionEnabled: false, pageLoadStrategy: normal, platform: WINDOWS, platformName: WINDOWS, proxy: Proxy(), setWindowRect: true, strictFileInteractability: false, timeouts: {implicit: 0, pageLoad: 300000, script: 30000}, unhandledPromptBehavior: dismiss and notify, webauthn:extension:credBlob: true, webauthn:extension:largeBlob: true, webauthn:virtualAuthenticators: true}
Session ID: 72ca70a33c75ef153c3e8931e9128906
*** Element info: {Using=link text, value=Mail}
at org.openqa.selenium.remote.http.W3CHttpResponseCodec.createException(W3CHttpResponseCodec.java:187)
at org.openqa.selenium.remote.http.W3CHttpResponseCodec.decode(W3CHttpResponseCodec.java:122)
at org.openqa.selenium.remote.http.W3CHttpResponseCodec.decode(W3CHttpResponseCodec.java:49)
at org.openqa.selenium.remote.HttpCommandExecutor.execute(HttpCommandExecutor.java:158)
at org.openqa.selenium.remote.service.DriverCommandExecutor.execute(DriverCommandExecutor.java:83)
at org.openqa.selenium.remote.RemoteWebDriver.execute(RemoteWebDriver.java:552)
at org.openqa.selenium.remote.RemoteWebDriver.findElement(RemoteWebDriver.java:323)
at org.openqa.selenium.remote.RemoteWebDriver.findElementByLinkText(RemoteWebDriver.java:380)
at org.openqa.selenium.By$ByLinkText.findElement(By.java:220)
at org.openqa.selenium.remote.RemoteWebDriver.findElement(RemoteWebDriver.java:315)
at com.test.GoogleTest.mailLinkTest(GoogleTest.java:47)
at java.base/java.util.ArrayList.forEach(ArrayList.java:1511)
... Removed 32 stack frames]]>
    </failure>
  </testcase> <!-- mailLinkTest -->
  <testcase classname="com.test.GoogleTest" name="googleLogoTest" time="0.135"/>
  <testcase classname="com.test.GoogleTest" name="test1" time="0.001"/>
  <testcase classname="com.test.GoogleTest" name="test2" time="0.002"/>
  <testcase classname="com.test.GoogleTest" name="test3" time="0.001"/>
  <testcase classname="com.test.GoogleTitleTest" name="googleLogoTest" time="0.092"/>
  <testcase classname="com.test.GoogleTitleTest" name="googleTitleTest" time="0.009">
    <failure type="java.lang.AssertionError" message="title is not matched expected [Google123] but found [Google]">
      <![CDATA[java.lang.AssertionError: title is not matched expected [Google123] but found [Google]
at com.test.GoogleTitleTest.googleTitleTest(GoogleTitleTest.java:34)
at java.base/java.util.ArrayList.forEach(ArrayList.java:1511)
... Removed 32 stack frames]]>
    </failure>
  </testcase> <!-- googleTitleTest -->
  <testcase classname="com.test.InvocationCountTest" name="Sum" time="0.007"/>
  <testcase classname="com.test.InvocationCountTest" name="Sum" time="0.004"/>
  <testcase classname="com.test.InvocationCountTest" name="Sum" time="0.003"/>
  <testcase classname="com.test.InvocationCountTest" name="Sum" time="0.001"/>
  <testcase classname="com.test.InvocationCountTest" name="Sum" time="0.004"/>
  <testcase classname="com.test.InvocationCountTest" name="Sum" time="0.002"/>
  <testcase classname="com.test.InvocationCountTest" name="Sum" time="0.003"/>
  <testcase classname="com.test.InvocationCountTest" name="Sum" time="0.003"/>
  <testcase classname="com.test.InvocationCountTest" name="Sum" time="0.001"/>
  <testcase classname="com.test.InvocationCountTest" name="Sum" time="0.004"/>
  <testcase classname="com.test.TestNGBasics" name="googleLogotest" time="0.001"/>
  <testcase classname="com.test.TestNGBasics" name="googleTitleTest" time="0.001"/>
  <testcase classname="com.test.TestNGBasics" name="searchTest" time="0.003"/>
  <testcase classname="com.test.TestNgFeatures" name="loginTest" time="0.008"/>
  <testcase classname="com.test.TestNgFeatures" name="HomePageTest" time="0.004"/>
  <testcase classname="com.test.TestNgFeatures" name="RegPageTest" time="0.001"/>
  <testcase classname="com.test.TestNgFeatures" name="SearchPageTest" time="0.002"/>
</testsuite> <!-- Different testing Feature Test -->
