<!DOCTYPE html PUBLIC "-//W3C//DTD XHTML 1.1//EN" "https://www.w3.org/TR/xhtml11/DTD/xhtml11.dtd">
<html xmlns="https://www.w3.org/1999/xhtml">
<head>
<meta http-equiv="content-type" content="text/html; charset=UTF-8"/>
<title>TestNG Report</title>
<style type="text/css">table {margin-bottom:10px;border-collapse:collapse;empty-cells:show}th,td {border:1px solid #009;padding:.25em .5em}th {vertical-align:bottom}td {vertical-align:top}table a {font-weight:bold}.stripe td {background-color: #E6EBF9}.num {text-align:right}.passedodd td {background-color: #3F3}.passedeven td {background-color: #0A0}.skippedodd td {background-color: #DDD}.skippedeven td {background-color: #CCC}.failedodd td,.attn {background-color: #F33}.failedeven td,.stripe .attn {background-color: #D00}.stacktrace {white-space:pre;font-family:monospace}.totop {font-size:85%;text-align:center;border-bottom:2px solid #000}.invisible {display:none}</style>
</head>
<body>
<table>
<tr><th>Test</th><th># Passed</th><th># Skipped</th><th># Retried</th><th># Failed</th><th>Time (ms)</th><th>Included Groups</th><th>Excluded Groups</th></tr>
<tr><th colspan="8">TestNG Session Test Automation Suite</th></tr>
<tr><td><a href="#t0">Different testing Feature Test</a></td><td class="num">24</td><td class="num">0</td><td class="num">0</td><td class="num attn">2</td><td class="num">114,739</td><td></td><td></td></tr>
</table>
<table id='summary'><thead><tr><th>Class</th><th>Method</th><th>Start</th><th>Time (ms)</th></tr></thead><tbody><tr><th colspan="4">TestNG Session Test Automation Suite</th></tr></tbody><tbody id="t0"><tr><th colspan="4">Different testing Feature Test &#8212; failed</th></tr><tr class="failedeven"><td rowspan="1">com.test.GoogleTest</td><td><a href="#m0">mailLinkTest</a></td><td rowspan="1">1650909779511</td><td rowspan="1">30131</td></tr><tr class="failedodd"><td rowspan="1">com.test.GoogleTitleTest</td><td><a href="#m1">googleTitleTest</a></td><td rowspan="1">1650909872979</td><td rowspan="1">9</td></tr><tr><th colspan="4">Different testing Feature Test &#8212; passed</th></tr><tr class="passedeven"><td rowspan="1">com.test.ExceptionTimeOutTest</td><td><a href="#m2">test1</a></td><td rowspan="1">1650909759845</td><td rowspan="1">15</td></tr><tr class="passedodd"><td rowspan="5">com.test.GoogleTest</td><td><a href="#m3">googleLogoTest</a></td><td rowspan="1">1650909820134</td><td rowspan="1">135</td></tr><tr class="passedodd"><td><a href="#m4">googleTitleTest</a></td><td rowspan="1">1650909770664</td><td rowspan="1">12</td></tr><tr class="passedodd"><td><a href="#m5">test1</a></td><td rowspan="1">1650909831622</td><td rowspan="1">1</td></tr><tr class="passedodd"><td><a href="#m6">test2</a></td><td rowspan="1">1650909840125</td><td rowspan="1">2</td></tr><tr class="passedodd"><td><a href="#m7">test3</a></td><td rowspan="1">1650909848613</td><td rowspan="1">1</td></tr><tr class="passedeven"><td rowspan="1">com.test.GoogleTitleTest</td><td><a href="#m8">googleLogoTest</a></td><td rowspan="1">1650909861445</td><td rowspan="1">92</td></tr><tr class="passedodd"><td rowspan="10">com.test.InvocationCountTest</td><td><a href="#m9">Sum</a></td><td rowspan="10">1650909874437</td><td rowspan="10">4</td></tr><tr class="passedodd"><td><a href="#m10">Sum</a></td></tr><tr class="passedodd"><td><a href="#m11">Sum</a></td></tr><tr class="passedodd"><td><a href="#m12">Sum</a></td></tr><tr class="passedodd"><td><a href="#m13">Sum</a></td></tr><tr class="passedodd"><td><a href="#m14">Sum</a></td></tr><tr class="passedodd"><td><a href="#m15">Sum</a></td></tr><tr class="passedodd"><td><a href="#m16">Sum</a></td></tr><tr class="passedodd"><td><a href="#m17">Sum</a></td></tr><tr class="passedodd"><td><a href="#m18">Sum</a></td></tr><tr class="passedeven"><td rowspan="3">com.test.TestNGBasics</td><td><a href="#m19">googleLogotest</a></td><td rowspan="1">1650909874470</td><td rowspan="1">1</td></tr><tr class="passedeven"><td><a href="#m20">googleTitleTest</a></td><td rowspan="1">1650909874483</td><td rowspan="1">1</td></tr><tr class="passedeven"><td><a href="#m21">searchTest</a></td><td rowspan="1">1650909874490</td><td rowspan="1">3</td></tr><tr class="passedodd"><td rowspan="4">com.test.TestNgFeatures</td><td><a href="#m22">HomePageTest</a></td><td rowspan="1">1650909874514</td><td rowspan="1">4</td></tr><tr class="passedodd"><td><a href="#m23">RegPageTest</a></td><td rowspan="1">1650909874522</td><td rowspan="1">1</td></tr><tr class="passedodd"><td><a href="#m24">SearchPageTest</a></td><td rowspan="1">1650909874527</td><td rowspan="1">2</td></tr><tr class="passedodd"><td><a href="#m25">loginTest</a></td><td rowspan="1">1650909874499</td><td rowspan="1">8</td></tr></tbody>
</table>
<h2>Different testing Feature Test</h2><h3 id="m0">com.test.GoogleTest#mailLinkTest</h3><table class="result"><tr><th>Exception</th></tr><tr><td><div class="stacktrace">org.openqa.selenium.NoSuchElementException: no such element: Unable to locate element: {&quot;method&quot;:&quot;link text&quot;,&quot;selector&quot;:&quot;Mail&quot;}
  (Session info: chrome=100.0.4896.127)
For documentation on this error, please visit: https://www.seleniumhq.org/exceptions/no_such_element.html
Build info: version: &apos;3.141.59&apos;, revision: &apos;e82be7d358&apos;, time: &apos;2018-11-14T08:25:48&apos;
System info: host: &apos;CHETUIWK1311&apos;, ip: &apos;172.16.5.8&apos;, os.name: &apos;Windows 10&apos;, os.arch: &apos;amd64&apos;, os.version: &apos;10.0&apos;, java.version: &apos;14.0.2&apos;
Driver info: org.openqa.selenium.chrome.ChromeDriver
Capabilities {acceptInsecureCerts: false, browserName: chrome, browserVersion: 100.0.4896.127, chrome: {chromedriverVersion: 100.0.4896.60 (6a5d10861ce8..., userDataDir: C:\Users\rohitk4\AppData\Lo...}, goog:chromeOptions: {debuggerAddress: localhost:51484}, javascriptEnabled: true, networkConnectionEnabled: false, pageLoadStrategy: normal, platform: WINDOWS, platformName: WINDOWS, proxy: Proxy(), setWindowRect: true, strictFileInteractability: false, timeouts: {implicit: 0, pageLoad: 300000, script: 30000}, unhandledPromptBehavior: dismiss and notify, webauthn:extension:credBlob: true, webauthn:extension:largeBlob: true, webauthn:virtualAuthenticators: true}
Session ID: 72ca70a33c75ef153c3e8931e9128906
*** Element info: {Using=link text, value=Mail}
	at org.openqa.selenium.remote.http.W3CHttpResponseCodec.createException(W3CHttpResponseCodec.java:187)
	at org.openqa.selenium.remote.http.W3CHttpResponseCodec.decode(W3CHttpResponseCodec.java:122)
	at org.openqa.selenium.remote.http.W3CHttpResponseCodec.decode(W3CHttpResponseCodec.java:49)
	at org.openqa.selenium.remote.HttpCommandExecutor.execute(HttpCommandExecutor.java:158)
	at org.openqa.selenium.remote.service.DriverCommandExecutor.execute(DriverCommandExecutor.java:83)
	at org.openqa.selenium.remote.RemoteWebDriver.execute(RemoteWebDriver.java:552)
	at org.openqa.selenium.remote.RemoteWebDriver.findElement(RemoteWebDriver.java:323)
	at org.openqa.selenium.remote.RemoteWebDriver.findElementByLinkText(RemoteWebDriver.java:380)
	at org.openqa.selenium.By$ByLinkText.findElement(By.java:220)
	at org.openqa.selenium.remote.RemoteWebDriver.findElement(RemoteWebDriver.java:315)
	at com.test.GoogleTest.mailLinkTest(GoogleTest.java:47)
	at java.base/java.util.ArrayList.forEach(ArrayList.java:1511)
... Removed 32 stack frames</div></td></tr></table><p class="totop"><a href="#summary">back to summary</a></p>
<h3 id="m1">com.test.GoogleTitleTest#googleTitleTest</h3><table class="result"><tr><th>Exception</th></tr><tr><td><div class="stacktrace">java.lang.AssertionError: title is not matched expected [Google123] but found [Google]
	at com.test.GoogleTitleTest.googleTitleTest(GoogleTitleTest.java:34)
	at java.base/java.util.ArrayList.forEach(ArrayList.java:1511)
... Removed 32 stack frames</div></td></tr></table><p class="totop"><a href="#summary">back to summary</a></p>
<h3 id="m2">com.test.ExceptionTimeOutTest#test1</h3><table class="result"><tr><th>Expected Exception</th></tr><tr><td><div class="stacktrace">java.lang.NumberFormatException: For input string: &quot;100A&quot;
	at java.base/java.lang.NumberFormatException.forInputString(NumberFormatException.java:68)
	at java.base/java.lang.Integer.parseInt(Integer.java:652)
	at java.base/java.lang.Integer.parseInt(Integer.java:770)
	at com.test.ExceptionTimeOutTest.test1(ExceptionTimeOutTest.java:18)
	at java.base/java.util.ArrayList.forEach(ArrayList.java:1511)
... Removed 27 stack frames</div></td></tr></table><p class="totop"><a href="#summary">back to summary</a></p>
<h3 id="m3">com.test.GoogleTest#googleLogoTest</h3><table class="result"><tr><th class="invisible"/></tr></table><p class="totop"><a href="#summary">back to summary</a></p>
<h3 id="m4">com.test.GoogleTest#googleTitleTest</h3><table class="result"><tr><th class="invisible"/></tr></table><p class="totop"><a href="#summary">back to summary</a></p>
<h3 id="m5">com.test.GoogleTest#test1</h3><table class="result"><tr><th class="invisible"/></tr></table><p class="totop"><a href="#summary">back to summary</a></p>
<h3 id="m6">com.test.GoogleTest#test2</h3><table class="result"><tr><th class="invisible"/></tr></table><p class="totop"><a href="#summary">back to summary</a></p>
<h3 id="m7">com.test.GoogleTest#test3</h3><table class="result"><tr><th class="invisible"/></tr></table><p class="totop"><a href="#summary">back to summary</a></p>
<h3 id="m8">com.test.GoogleTitleTest#googleLogoTest</h3><table class="result"><tr><th class="invisible"/></tr></table><p class="totop"><a href="#summary">back to summary</a></p>
<h3 id="m9">com.test.InvocationCountTest#Sum</h3><table class="result"><tr><th class="invisible"/></tr></table><p class="totop"><a href="#summary">back to summary</a></p>
<h3 id="m10">com.test.InvocationCountTest#Sum</h3><table class="result"><tr><th class="invisible"/></tr></table><p class="totop"><a href="#summary">back to summary</a></p>
<h3 id="m11">com.test.InvocationCountTest#Sum</h3><table class="result"><tr><th class="invisible"/></tr></table><p class="totop"><a href="#summary">back to summary</a></p>
<h3 id="m12">com.test.InvocationCountTest#Sum</h3><table class="result"><tr><th class="invisible"/></tr></table><p class="totop"><a href="#summary">back to summary</a></p>
<h3 id="m13">com.test.InvocationCountTest#Sum</h3><table class="result"><tr><th class="invisible"/></tr></table><p class="totop"><a href="#summary">back to summary</a></p>
<h3 id="m14">com.test.InvocationCountTest#Sum</h3><table class="result"><tr><th class="invisible"/></tr></table><p class="totop"><a href="#summary">back to summary</a></p>
<h3 id="m15">com.test.InvocationCountTest#Sum</h3><table class="result"><tr><th class="invisible"/></tr></table><p class="totop"><a href="#summary">back to summary</a></p>
<h3 id="m16">com.test.InvocationCountTest#Sum</h3><table class="result"><tr><th class="invisible"/></tr></table><p class="totop"><a href="#summary">back to summary</a></p>
<h3 id="m17">com.test.InvocationCountTest#Sum</h3><table class="result"><tr><th class="invisible"/></tr></table><p class="totop"><a href="#summary">back to summary</a></p>
<h3 id="m18">com.test.InvocationCountTest#Sum</h3><table class="result"><tr><th class="invisible"/></tr></table><p class="totop"><a href="#summary">back to summary</a></p>
<h3 id="m19">com.test.TestNGBasics#googleLogotest</h3><table class="result"><tr><th class="invisible"/></tr></table><p class="totop"><a href="#summary">back to summary</a></p>
<h3 id="m20">com.test.TestNGBasics#googleTitleTest</h3><table class="result"><tr><th class="invisible"/></tr></table><p class="totop"><a href="#summary">back to summary</a></p>
<h3 id="m21">com.test.TestNGBasics#searchTest</h3><table class="result"><tr><th class="invisible"/></tr></table><p class="totop"><a href="#summary">back to summary</a></p>
<h3 id="m22">com.test.TestNgFeatures#HomePageTest</h3><table class="result"><tr><th class="invisible"/></tr></table><p class="totop"><a href="#summary">back to summary</a></p>
<h3 id="m23">com.test.TestNgFeatures#RegPageTest</h3><table class="result"><tr><th class="invisible"/></tr></table><p class="totop"><a href="#summary">back to summary</a></p>
<h3 id="m24">com.test.TestNgFeatures#SearchPageTest</h3><table class="result"><tr><th class="invisible"/></tr></table><p class="totop"><a href="#summary">back to summary</a></p>
<h3 id="m25">com.test.TestNgFeatures#loginTest</h3><table class="result"><tr><th class="invisible"/></tr></table><p class="totop"><a href="#summary">back to summary</a></p>
</body>
</html>
