<?xml version="1.0" encoding="UTF-8"?>
<testng-results ignored="0" total="26" passed="24" failed="2" skipped="0">
  <reporter-output>
  </reporter-output>
  <suite started-at="2022-04-25T23:32:39 IST" name="TestNG Session Test Automation Suite" finished-at="2022-04-25T23:34:34 IST" duration-ms="114739">
    <groups>
      <group name="Link Test">
        <method signature="GoogleTest.mailLinkTest()[pri:2, instance:com.test.GoogleTest@3f6f6701]" name="mailLinkTest" class="com.test.GoogleTest"/>
      </group> <!-- Link Test -->
      <group name="Test">
        <method signature="GoogleTest.test1()[pri:4, instance:com.test.GoogleTest@3f6f6701]" name="test1" class="com.test.GoogleTest"/>
        <method signature="GoogleTest.test2()[pri:5, instance:com.test.GoogleTest@3f6f6701]" name="test2" class="com.test.GoogleTest"/>
        <method signature="GoogleTest.test3()[pri:6, instance:com.test.GoogleTest@3f6f6701]" name="test3" class="com.test.GoogleTest"/>
      </group> <!-- Test -->
      <group name="title">
        <method signature="GoogleTest.googleTitleTest()[pri:1, instance:com.test.GoogleTest@3f6f6701]" name="googleTitleTest" class="com.test.GoogleTest"/>
      </group> <!-- title -->
      <group name="Logo">
        <method signature="GoogleTest.googleLogoTest()[pri:3, instance:com.test.GoogleTest@3f6f6701]" name="googleLogoTest" class="com.test.GoogleTest"/>
      </group> <!-- Logo -->
    </groups>
    <test started-at="2022-04-25T23:32:39 IST" name="Different testing Feature Test" finished-at="2022-04-25T23:34:34 IST" duration-ms="114739">
      <class name="com.test.TestNGBasics">
        <test-method is-config="true" signature="setUp()[pri:0, instance:com.test.TestNGBasics@2892d68]" started-at="2022-04-25T23:32:39 IST" name="setUp" finished-at="2022-04-25T23:32:39 IST" duration-ms="16" status="PASS">
          <reporter-output>
          </reporter-output>
        </test-method> <!-- setUp -->
        <test-method is-config="true" signature="launchBrowser()[pri:0, instance:com.test.TestNGBasics@2892d68]" started-at="2022-04-25T23:32:39 IST" name="launchBrowser" finished-at="2022-04-25T23:32:39 IST" duration-ms="1" status="PASS">
          <reporter-output>
          </reporter-output>
        </test-method> <!-- launchBrowser -->
        <test-method is-config="true" signature="login()[pri:0, instance:com.test.TestNGBasics@2892d68]" started-at="2022-04-25T23:34:34 IST" name="login" finished-at="2022-04-25T23:34:34 IST" duration-ms="1" status="PASS">
          <reporter-output>
          </reporter-output>
        </test-method> <!-- login -->
        <test-method is-config="true" signature="enterURL()[pri:0, instance:com.test.TestNGBasics@2892d68]" started-at="2022-04-25T23:34:34 IST" name="enterURL" finished-at="2022-04-25T23:34:34 IST" duration-ms="1" status="PASS">
          <reporter-output>
          </reporter-output>
        </test-method> <!-- enterURL -->
        <test-method signature="googleLogotest()[pri:0, instance:com.test.TestNGBasics@2892d68]" started-at="2022-04-25T23:34:34 IST" name="googleLogotest" finished-at="2022-04-25T23:34:34 IST" duration-ms="1" status="PASS">
          <reporter-output>
          </reporter-output>
        </test-method> <!-- googleLogotest -->
        <test-method is-config="true" signature="logOut()[pri:0, instance:com.test.TestNGBasics@2892d68]" started-at="2022-04-25T23:34:34 IST" name="logOut" finished-at="2022-04-25T23:34:34 IST" duration-ms="1" status="PASS">
          <reporter-output>
          </reporter-output>
        </test-method> <!-- logOut -->
        <test-method is-config="true" signature="enterURL()[pri:0, instance:com.test.TestNGBasics@2892d68]" started-at="2022-04-25T23:34:34 IST" name="enterURL" finished-at="2022-04-25T23:34:34 IST" duration-ms="2" status="PASS">
          <reporter-output>
          </reporter-output>
        </test-method> <!-- enterURL -->
        <test-method signature="googleTitleTest()[pri:0, instance:com.test.TestNGBasics@2892d68]" started-at="2022-04-25T23:34:34 IST" name="googleTitleTest" finished-at="2022-04-25T23:34:34 IST" duration-ms="1" status="PASS">
          <reporter-output>
          </reporter-output>
        </test-method> <!-- googleTitleTest -->
        <test-method is-config="true" signature="logOut()[pri:0, instance:com.test.TestNGBasics@2892d68]" started-at="2022-04-25T23:34:34 IST" name="logOut" finished-at="2022-04-25T23:34:34 IST" duration-ms="1" status="PASS">
          <reporter-output>
          </reporter-output>
        </test-method> <!-- logOut -->
        <test-method signature="searchTest()[pri:0, instance:com.test.TestNGBasics@2892d68]" started-at="2022-04-25T23:34:34 IST" name="searchTest" finished-at="2022-04-25T23:34:34 IST" duration-ms="3" status="PASS">
          <reporter-output>
          </reporter-output>
        </test-method> <!-- searchTest -->
        <test-method is-config="true" signature="enterURL()[pri:0, instance:com.test.TestNGBasics@2892d68]" started-at="2022-04-25T23:34:34 IST" name="enterURL" finished-at="2022-04-25T23:34:34 IST" duration-ms="0" status="PASS">
          <reporter-output>
          </reporter-output>
        </test-method> <!-- enterURL -->
        <test-method is-config="true" signature="logOut()[pri:0, instance:com.test.TestNGBasics@2892d68]" started-at="2022-04-25T23:34:34 IST" name="logOut" finished-at="2022-04-25T23:34:34 IST" duration-ms="1" status="PASS">
          <reporter-output>
          </reporter-output>
        </test-method> <!-- logOut -->
        <test-method is-config="true" signature="closeBrowser()[pri:0, instance:com.test.TestNGBasics@2892d68]" started-at="2022-04-25T23:34:34 IST" name="closeBrowser" finished-at="2022-04-25T23:34:34 IST" duration-ms="0" status="PASS">
          <reporter-output>
          </reporter-output>
        </test-method> <!-- closeBrowser -->
        <test-method is-config="true" signature="deletAllCookies()[pri:0, instance:com.test.TestNGBasics@2892d68]" started-at="2022-04-25T23:34:34 IST" name="deletAllCookies" finished-at="2022-04-25T23:34:34 IST" duration-ms="1" status="PASS">
          <reporter-output>
          </reporter-output>
        </test-method> <!-- deletAllCookies -->
      </class> <!-- com.test.TestNGBasics -->
      <class name="com.test.GoogleTest">
        <test-method is-config="true" signature="setUp()[pri:0, instance:com.test.GoogleTest@3f6f6701]" started-at="2022-04-25T23:32:39 IST" name="setUp" finished-at="2022-04-25T23:32:50 IST" duration-ms="10784" status="PASS">
          <reporter-output>
          </reporter-output>
        </test-method> <!-- setUp -->
        <test-method signature="googleTitleTest()[pri:1, instance:com.test.GoogleTest@3f6f6701]" started-at="2022-04-25T23:32:50 IST" name="googleTitleTest" finished-at="2022-04-25T23:32:50 IST" duration-ms="12" status="PASS">
          <reporter-output>
          </reporter-output>
        </test-method> <!-- googleTitleTest -->
        <test-method is-config="true" signature="tearDown()[pri:0, instance:com.test.GoogleTest@3f6f6701]" started-at="2022-04-25T23:32:50 IST" name="tearDown" finished-at="2022-04-25T23:32:52 IST" duration-ms="1416" status="PASS">
          <reporter-output>
          </reporter-output>
        </test-method> <!-- tearDown -->
        <test-method is-config="true" signature="setUp()[pri:0, instance:com.test.GoogleTest@3f6f6701]" started-at="2022-04-25T23:32:52 IST" name="setUp" finished-at="2022-04-25T23:32:59 IST" duration-ms="7415" status="PASS">
          <reporter-output>
          </reporter-output>
        </test-method> <!-- setUp -->
        <test-method signature="mailLinkTest()[pri:2, instance:com.test.GoogleTest@3f6f6701]" started-at="2022-04-25T23:32:59 IST" name="mailLinkTest" finished-at="2022-04-25T23:33:29 IST" duration-ms="30131" status="FAIL">
          <exception class="org.openqa.selenium.NoSuchElementException">
            <message>
              <![CDATA[no such element: Unable to locate element: {"method":"link text","selector":"Mail"}
  (Session info: chrome=100.0.4896.127)
For documentation on this error, please visit: https://www.seleniumhq.org/exceptions/no_such_element.html
Build info: version: '3.141.59', revision: 'e82be7d358', time: '2018-11-14T08:25:48'
System info: host: 'CHETUIWK1311', ip: '172.16.5.8', os.name: 'Windows 10', os.arch: 'amd64', os.version: '10.0', java.version: '14.0.2'
Driver info: org.openqa.selenium.chrome.ChromeDriver
Capabilities {acceptInsecureCerts: false, browserName: chrome, browserVersion: 100.0.4896.127, chrome: {chromedriverVersion: 100.0.4896.60 (6a5d10861ce8..., userDataDir: C:\Users\rohitk4\AppData\Lo...}, goog:chromeOptions: {debuggerAddress: localhost:51484}, javascriptEnabled: true, networkConnectionEnabled: false, pageLoadStrategy: normal, platform: WINDOWS, platformName: WINDOWS, proxy: Proxy(), setWindowRect: true, strictFileInteractability: false, timeouts: {implicit: 0, pageLoad: 300000, script: 30000}, unhandledPromptBehavior: dismiss and notify, webauthn:extension:credBlob: true, webauthn:extension:largeBlob: true, webauthn:virtualAuthenticators: true}
Session ID: 72ca70a33c75ef153c3e8931e9128906
*** Element info: {Using=link text, value=Mail}]]>
            </message>
            <full-stacktrace>
              <![CDATA[org.openqa.selenium.NoSuchElementException: no such element: Unable to locate element: {"method":"link text","selector":"Mail"}
  (Session info: chrome=100.0.4896.127)
For documentation on this error, please visit: https://www.seleniumhq.org/exceptions/no_such_element.html
Build info: version: '3.141.59', revision: 'e82be7d358', time: '2018-11-14T08:25:48'
System info: host: 'CHETUIWK1311', ip: '172.16.5.8', os.name: 'Windows 10', os.arch: 'amd64', os.version: '10.0', java.version: '14.0.2'
Driver info: org.openqa.selenium.chrome.ChromeDriver
Capabilities {acceptInsecureCerts: false, browserName: chrome, browserVersion: 100.0.4896.127, chrome: {chromedriverVersion: 100.0.4896.60 (6a5d10861ce8..., userDataDir: C:\Users\rohitk4\AppData\Lo...}, goog:chromeOptions: {debuggerAddress: localhost:51484}, javascriptEnabled: true, networkConnectionEnabled: false, pageLoadStrategy: normal, platform: WINDOWS, platformName: WINDOWS, proxy: Proxy(), setWindowRect: true, strictFileInteractability: false, timeouts: {implicit: 0, pageLoad: 300000, script: 30000}, unhandledPromptBehavior: dismiss and notify, webauthn:extension:credBlob: true, webauthn:extension:largeBlob: true, webauthn:virtualAuthenticators: true}
Session ID: 72ca70a33c75ef153c3e8931e9128906
*** Element info: {Using=link text, value=Mail}
at java.base/jdk.internal.reflect.NativeConstructorAccessorImpl.newInstance0(Native Method)
at java.base/jdk.internal.reflect.NativeConstructorAccessorImpl.newInstance(NativeConstructorAccessorImpl.java:62)
at java.base/jdk.internal.reflect.DelegatingConstructorAccessorImpl.newInstance(DelegatingConstructorAccessorImpl.java:45)
at java.base/java.lang.reflect.Constructor.newInstanceWithCaller(Constructor.java:500)
at java.base/java.lang.reflect.Constructor.newInstance(Constructor.java:481)
at org.openqa.selenium.remote.http.W3CHttpResponseCodec.createException(W3CHttpResponseCodec.java:187)
at org.openqa.selenium.remote.http.W3CHttpResponseCodec.decode(W3CHttpResponseCodec.java:122)
at org.openqa.selenium.remote.http.W3CHttpResponseCodec.decode(W3CHttpResponseCodec.java:49)
at org.openqa.selenium.remote.HttpCommandExecutor.execute(HttpCommandExecutor.java:158)
at org.openqa.selenium.remote.service.DriverCommandExecutor.execute(DriverCommandExecutor.java:83)
at org.openqa.selenium.remote.RemoteWebDriver.execute(RemoteWebDriver.java:552)
at org.openqa.selenium.remote.RemoteWebDriver.findElement(RemoteWebDriver.java:323)
at org.openqa.selenium.remote.RemoteWebDriver.findElementByLinkText(RemoteWebDriver.java:380)
at org.openqa.selenium.By$ByLinkText.findElement(By.java:220)
at org.openqa.selenium.remote.RemoteWebDriver.findElement(RemoteWebDriver.java:315)
at com.test.GoogleTest.mailLinkTest(GoogleTest.java:47)
at java.base/jdk.internal.reflect.NativeMethodAccessorImpl.invoke0(Native Method)
at java.base/jdk.internal.reflect.NativeMethodAccessorImpl.invoke(NativeMethodAccessorImpl.java:62)
at java.base/jdk.internal.reflect.DelegatingMethodAccessorImpl.invoke(DelegatingMethodAccessorImpl.java:43)
at java.base/java.lang.reflect.Method.invoke(Method.java:564)
at org.testng.internal.MethodInvocationHelper.invokeMethod(MethodInvocationHelper.java:133)
at org.testng.internal.TestInvoker.invokeMethod(TestInvoker.java:598)
at org.testng.internal.TestInvoker.invokeTestMethod(TestInvoker.java:173)
at org.testng.internal.MethodRunner.runInSequence(MethodRunner.java:46)
at org.testng.internal.TestInvoker$MethodInvocationAgent.invoke(TestInvoker.java:824)
at org.testng.internal.TestInvoker.invokeTestMethods(TestInvoker.java:146)
at org.testng.internal.TestMethodWorker.invokeTestMethods(TestMethodWorker.java:146)
at org.testng.internal.TestMethodWorker.run(TestMethodWorker.java:128)
at java.base/java.util.ArrayList.forEach(ArrayList.java:1511)
at org.testng.TestRunner.privateRun(TestRunner.java:794)
at org.testng.TestRunner.run(TestRunner.java:596)
at org.testng.SuiteRunner.runTest(SuiteRunner.java:377)
at org.testng.SuiteRunner.runSequentially(SuiteRunner.java:371)
at org.testng.SuiteRunner.privateRun(SuiteRunner.java:332)
at org.testng.SuiteRunner.run(SuiteRunner.java:276)
at org.testng.SuiteRunnerWorker.runSuite(SuiteRunnerWorker.java:53)
at org.testng.SuiteRunnerWorker.run(SuiteRunnerWorker.java:96)
at org.testng.TestNG.runSuitesSequentially(TestNG.java:1212)
at org.testng.TestNG.runSuitesLocally(TestNG.java:1134)
at org.testng.TestNG.runSuites(TestNG.java:1063)
at org.testng.TestNG.run(TestNG.java:1031)
at org.testng.remote.AbstractRemoteTestNG.run(AbstractRemoteTestNG.java:115)
at org.testng.remote.RemoteTestNG.initAndRun(RemoteTestNG.java:251)
at org.testng.remote.RemoteTestNG.main(RemoteTestNG.java:77)
]]>
            </full-stacktrace>
          </exception> <!-- org.openqa.selenium.NoSuchElementException -->
          <reporter-output>
          </reporter-output>
        </test-method> <!-- mailLinkTest -->
        <test-method is-config="true" signature="tearDown()[pri:0, instance:com.test.GoogleTest@3f6f6701]" started-at="2022-04-25T23:33:29 IST" name="tearDown" finished-at="2022-04-25T23:33:31 IST" duration-ms="1426" status="PASS">
          <reporter-output>
          </reporter-output>
        </test-method> <!-- tearDown -->
        <test-method is-config="true" signature="setUp()[pri:0, instance:com.test.GoogleTest@3f6f6701]" started-at="2022-04-25T23:33:31 IST" name="setUp" finished-at="2022-04-25T23:33:40 IST" duration-ms="9058" status="PASS">
          <reporter-output>
          </reporter-output>
        </test-method> <!-- setUp -->
        <test-method signature="googleLogoTest()[pri:3, instance:com.test.GoogleTest@3f6f6701]" started-at="2022-04-25T23:33:40 IST" name="googleLogoTest" finished-at="2022-04-25T23:33:40 IST" duration-ms="135" status="PASS">
          <reporter-output>
          </reporter-output>
        </test-method> <!-- googleLogoTest -->
        <test-method is-config="true" signature="tearDown()[pri:0, instance:com.test.GoogleTest@3f6f6701]" started-at="2022-04-25T23:33:40 IST" name="tearDown" finished-at="2022-04-25T23:33:41 IST" duration-ms="1376" status="PASS">
          <reporter-output>
          </reporter-output>
        </test-method> <!-- tearDown -->
        <test-method is-config="true" signature="setUp()[pri:0, instance:com.test.GoogleTest@3f6f6701]" started-at="2022-04-25T23:33:41 IST" name="setUp" finished-at="2022-04-25T23:33:51 IST" duration-ms="9975" status="PASS">
          <reporter-output>
          </reporter-output>
        </test-method> <!-- setUp -->
        <test-method signature="test1()[pri:4, instance:com.test.GoogleTest@3f6f6701]" started-at="2022-04-25T23:33:51 IST" name="test1" finished-at="2022-04-25T23:33:51 IST" duration-ms="1" status="PASS">
          <reporter-output>
          </reporter-output>
        </test-method> <!-- test1 -->
        <test-method is-config="true" signature="tearDown()[pri:0, instance:com.test.GoogleTest@3f6f6701]" started-at="2022-04-25T23:33:51 IST" name="tearDown" finished-at="2022-04-25T23:33:53 IST" duration-ms="1563" status="PASS">
          <reporter-output>
          </reporter-output>
        </test-method> <!-- tearDown -->
        <test-method is-config="true" signature="setUp()[pri:0, instance:com.test.GoogleTest@3f6f6701]" started-at="2022-04-25T23:33:53 IST" name="setUp" finished-at="2022-04-25T23:34:00 IST" duration-ms="6933" status="PASS">
          <reporter-output>
          </reporter-output>
        </test-method> <!-- setUp -->
        <test-method signature="test2()[pri:5, instance:com.test.GoogleTest@3f6f6701]" started-at="2022-04-25T23:34:00 IST" name="test2" finished-at="2022-04-25T23:34:00 IST" duration-ms="2" status="PASS">
          <reporter-output>
          </reporter-output>
        </test-method> <!-- test2 -->
        <test-method is-config="true" signature="tearDown()[pri:0, instance:com.test.GoogleTest@3f6f6701]" started-at="2022-04-25T23:34:00 IST" name="tearDown" finished-at="2022-04-25T23:34:01 IST" duration-ms="1864" status="PASS">
          <reporter-output>
          </reporter-output>
        </test-method> <!-- tearDown -->
        <test-method is-config="true" signature="setUp()[pri:0, instance:com.test.GoogleTest@3f6f6701]" started-at="2022-04-25T23:34:01 IST" name="setUp" finished-at="2022-04-25T23:34:08 IST" duration-ms="6620" status="PASS">
          <reporter-output>
          </reporter-output>
        </test-method> <!-- setUp -->
        <test-method signature="test3()[pri:6, instance:com.test.GoogleTest@3f6f6701]" started-at="2022-04-25T23:34:08 IST" name="test3" finished-at="2022-04-25T23:34:08 IST" duration-ms="1" status="PASS">
          <reporter-output>
          </reporter-output>
        </test-method> <!-- test3 -->
        <test-method is-config="true" signature="tearDown()[pri:0, instance:com.test.GoogleTest@3f6f6701]" started-at="2022-04-25T23:34:08 IST" name="tearDown" finished-at="2022-04-25T23:34:10 IST" duration-ms="1429" status="PASS">
          <reporter-output>
          </reporter-output>
        </test-method> <!-- tearDown -->
      </class> <!-- com.test.GoogleTest -->
      <class name="com.test.GoogleTitleTest">
        <test-method is-config="true" signature="setUp()[pri:0, instance:com.test.GoogleTitleTest@60099951]" started-at="2022-04-25T23:34:10 IST" name="setUp" finished-at="2022-04-25T23:34:21 IST" duration-ms="11400" status="PASS">
          <reporter-output>
          </reporter-output>
        </test-method> <!-- setUp -->
        <test-method signature="googleLogoTest()[pri:0, instance:com.test.GoogleTitleTest@60099951]" started-at="2022-04-25T23:34:21 IST" name="googleLogoTest" finished-at="2022-04-25T23:34:21 IST" duration-ms="92" status="PASS">
          <reporter-output>
          </reporter-output>
        </test-method> <!-- googleLogoTest -->
        <test-method is-config="true" signature="tearDown()[pri:0, instance:com.test.GoogleTitleTest@60099951]" started-at="2022-04-25T23:34:21 IST" name="tearDown" finished-at="2022-04-25T23:34:23 IST" duration-ms="1482" status="PASS">
          <reporter-output>
          </reporter-output>
        </test-method> <!-- tearDown -->
        <test-method is-config="true" signature="setUp()[pri:0, instance:com.test.GoogleTitleTest@60099951]" started-at="2022-04-25T23:34:23 IST" name="setUp" finished-at="2022-04-25T23:34:32 IST" duration-ms="9956" status="PASS">
          <reporter-output>
          </reporter-output>
        </test-method> <!-- setUp -->
        <test-method signature="googleTitleTest()[pri:0, instance:com.test.GoogleTitleTest@60099951]" started-at="2022-04-25T23:34:32 IST" name="googleTitleTest" finished-at="2022-04-25T23:34:32 IST" duration-ms="9" status="FAIL">
          <exception class="java.lang.AssertionError">
            <message>
              <![CDATA[title is not matched expected [Google123] but found [Google]]]>
            </message>
            <full-stacktrace>
              <![CDATA[java.lang.AssertionError: title is not matched expected [Google123] but found [Google]
at org.testng.Assert.fail(Assert.java:99)
at org.testng.Assert.failNotEquals(Assert.java:1037)
at org.testng.Assert.assertEqualsImpl(Assert.java:140)
at org.testng.Assert.assertEquals(Assert.java:122)
at org.testng.Assert.assertEquals(Assert.java:629)
at com.test.GoogleTitleTest.googleTitleTest(GoogleTitleTest.java:34)
at java.base/jdk.internal.reflect.NativeMethodAccessorImpl.invoke0(Native Method)
at java.base/jdk.internal.reflect.NativeMethodAccessorImpl.invoke(NativeMethodAccessorImpl.java:62)
at java.base/jdk.internal.reflect.DelegatingMethodAccessorImpl.invoke(DelegatingMethodAccessorImpl.java:43)
at java.base/java.lang.reflect.Method.invoke(Method.java:564)
at org.testng.internal.MethodInvocationHelper.invokeMethod(MethodInvocationHelper.java:133)
at org.testng.internal.TestInvoker.invokeMethod(TestInvoker.java:598)
at org.testng.internal.TestInvoker.invokeTestMethod(TestInvoker.java:173)
at org.testng.internal.MethodRunner.runInSequence(MethodRunner.java:46)
at org.testng.internal.TestInvoker$MethodInvocationAgent.invoke(TestInvoker.java:824)
at org.testng.internal.TestInvoker.invokeTestMethods(TestInvoker.java:146)
at org.testng.internal.TestMethodWorker.invokeTestMethods(TestMethodWorker.java:146)
at org.testng.internal.TestMethodWorker.run(TestMethodWorker.java:128)
at java.base/java.util.ArrayList.forEach(ArrayList.java:1511)
at org.testng.TestRunner.privateRun(TestRunner.java:794)
at org.testng.TestRunner.run(TestRunner.java:596)
at org.testng.SuiteRunner.runTest(SuiteRunner.java:377)
at org.testng.SuiteRunner.runSequentially(SuiteRunner.java:371)
at org.testng.SuiteRunner.privateRun(SuiteRunner.java:332)
at org.testng.SuiteRunner.run(SuiteRunner.java:276)
at org.testng.SuiteRunnerWorker.runSuite(SuiteRunnerWorker.java:53)
at org.testng.SuiteRunnerWorker.run(SuiteRunnerWorker.java:96)
at org.testng.TestNG.runSuitesSequentially(TestNG.java:1212)
at org.testng.TestNG.runSuitesLocally(TestNG.java:1134)
at org.testng.TestNG.runSuites(TestNG.java:1063)
at org.testng.TestNG.run(TestNG.java:1031)
at org.testng.remote.AbstractRemoteTestNG.run(AbstractRemoteTestNG.java:115)
at org.testng.remote.RemoteTestNG.initAndRun(RemoteTestNG.java:251)
at org.testng.remote.RemoteTestNG.main(RemoteTestNG.java:77)
]]>
            </full-stacktrace>
          </exception> <!-- java.lang.AssertionError -->
          <reporter-output>
          </reporter-output>
        </test-method> <!-- googleTitleTest -->
        <test-method is-config="true" signature="tearDown()[pri:0, instance:com.test.GoogleTitleTest@60099951]" started-at="2022-04-25T23:34:32 IST" name="tearDown" finished-at="2022-04-25T23:34:34 IST" duration-ms="1399" status="PASS">
          <reporter-output>
          </reporter-output>
        </test-method> <!-- tearDown -->
      </class> <!-- com.test.GoogleTitleTest -->
      <class name="com.test.InvocationCountTest">
        <test-method signature="Sum()[pri:0, instance:com.test.InvocationCountTest@20140db9]" started-at="2022-04-25T23:34:34 IST" name="Sum" finished-at="2022-04-25T23:34:34 IST" duration-ms="7" status="PASS">
          <reporter-output>
          </reporter-output>
        </test-method> <!-- Sum -->
        <test-method signature="Sum()[pri:0, instance:com.test.InvocationCountTest@20140db9]" started-at="2022-04-25T23:34:34 IST" name="Sum" finished-at="2022-04-25T23:34:34 IST" duration-ms="4" status="PASS">
          <reporter-output>
          </reporter-output>
        </test-method> <!-- Sum -->
        <test-method signature="Sum()[pri:0, instance:com.test.InvocationCountTest@20140db9]" started-at="2022-04-25T23:34:34 IST" name="Sum" finished-at="2022-04-25T23:34:34 IST" duration-ms="3" status="PASS">
          <reporter-output>
          </reporter-output>
        </test-method> <!-- Sum -->
        <test-method signature="Sum()[pri:0, instance:com.test.InvocationCountTest@20140db9]" started-at="2022-04-25T23:34:34 IST" name="Sum" finished-at="2022-04-25T23:34:34 IST" duration-ms="1" status="PASS">
          <reporter-output>
          </reporter-output>
        </test-method> <!-- Sum -->
        <test-method signature="Sum()[pri:0, instance:com.test.InvocationCountTest@20140db9]" started-at="2022-04-25T23:34:34 IST" name="Sum" finished-at="2022-04-25T23:34:34 IST" duration-ms="4" status="PASS">
          <reporter-output>
          </reporter-output>
        </test-method> <!-- Sum -->
        <test-method signature="Sum()[pri:0, instance:com.test.InvocationCountTest@20140db9]" started-at="2022-04-25T23:34:34 IST" name="Sum" finished-at="2022-04-25T23:34:34 IST" duration-ms="2" status="PASS">
          <reporter-output>
          </reporter-output>
        </test-method> <!-- Sum -->
        <test-method signature="Sum()[pri:0, instance:com.test.InvocationCountTest@20140db9]" started-at="2022-04-25T23:34:34 IST" name="Sum" finished-at="2022-04-25T23:34:34 IST" duration-ms="3" status="PASS">
          <reporter-output>
          </reporter-output>
        </test-method> <!-- Sum -->
        <test-method signature="Sum()[pri:0, instance:com.test.InvocationCountTest@20140db9]" started-at="2022-04-25T23:34:34 IST" name="Sum" finished-at="2022-04-25T23:34:34 IST" duration-ms="3" status="PASS">
          <reporter-output>
          </reporter-output>
        </test-method> <!-- Sum -->
        <test-method signature="Sum()[pri:0, instance:com.test.InvocationCountTest@20140db9]" started-at="2022-04-25T23:34:34 IST" name="Sum" finished-at="2022-04-25T23:34:34 IST" duration-ms="1" status="PASS">
          <reporter-output>
          </reporter-output>
        </test-method> <!-- Sum -->
        <test-method signature="Sum()[pri:0, instance:com.test.InvocationCountTest@20140db9]" started-at="2022-04-25T23:34:34 IST" name="Sum" finished-at="2022-04-25T23:34:34 IST" duration-ms="4" status="PASS">
          <reporter-output>
          </reporter-output>
        </test-method> <!-- Sum -->
      </class> <!-- com.test.InvocationCountTest -->
      <class name="com.test.TestNgFeatures">
        <test-method signature="loginTest()[pri:0, instance:com.test.TestNgFeatures@750e2b97]" started-at="2022-04-25T23:34:34 IST" name="loginTest" finished-at="2022-04-25T23:34:34 IST" duration-ms="8" status="PASS">
          <reporter-output>
          </reporter-output>
        </test-method> <!-- loginTest -->
        <test-method signature="HomePageTest()[pri:0, instance:com.test.TestNgFeatures@750e2b97]" started-at="2022-04-25T23:34:34 IST" name="HomePageTest" finished-at="2022-04-25T23:34:34 IST" depends-on-methods="com.test.TestNgFeatures.loginTest" duration-ms="4" status="PASS">
          <reporter-output>
          </reporter-output>
        </test-method> <!-- HomePageTest -->
        <test-method signature="RegPageTest()[pri:0, instance:com.test.TestNgFeatures@750e2b97]" started-at="2022-04-25T23:34:34 IST" name="RegPageTest" finished-at="2022-04-25T23:34:34 IST" depends-on-methods="com.test.TestNgFeatures.loginTest" duration-ms="1" status="PASS">
          <reporter-output>
          </reporter-output>
        </test-method> <!-- RegPageTest -->
        <test-method signature="SearchPageTest()[pri:0, instance:com.test.TestNgFeatures@750e2b97]" started-at="2022-04-25T23:34:34 IST" name="SearchPageTest" finished-at="2022-04-25T23:34:34 IST" depends-on-methods="com.test.TestNgFeatures.loginTest" duration-ms="2" status="PASS">
          <reporter-output>
          </reporter-output>
        </test-method> <!-- SearchPageTest -->
      </class> <!-- com.test.TestNgFeatures -->
      <class name="com.test.ExceptionTimeOutTest">
        <test-method signature="test1()[pri:0, instance:com.test.ExceptionTimeOutTest@54a7079e]" started-at="2022-04-25T23:32:39 IST" name="test1" finished-at="2022-04-25T23:32:39 IST" duration-ms="15" status="PASS">
          <exception class="java.lang.NumberFormatException">
            <message>
              <![CDATA[For input string: "100A"]]>
            </message>
            <full-stacktrace>
              <![CDATA[java.lang.NumberFormatException: For input string: "100A"
at java.base/java.lang.NumberFormatException.forInputString(NumberFormatException.java:68)
at java.base/java.lang.Integer.parseInt(Integer.java:652)
at java.base/java.lang.Integer.parseInt(Integer.java:770)
at com.test.ExceptionTimeOutTest.test1(ExceptionTimeOutTest.java:18)
at java.base/jdk.internal.reflect.NativeMethodAccessorImpl.invoke0(Native Method)
at java.base/jdk.internal.reflect.NativeMethodAccessorImpl.invoke(NativeMethodAccessorImpl.java:62)
at java.base/jdk.internal.reflect.DelegatingMethodAccessorImpl.invoke(DelegatingMethodAccessorImpl.java:43)
at java.base/java.lang.reflect.Method.invoke(Method.java:564)
at org.testng.internal.MethodInvocationHelper.invokeMethod(MethodInvocationHelper.java:133)
at org.testng.internal.TestInvoker.invokeMethod(TestInvoker.java:598)
at org.testng.internal.TestInvoker.invokeTestMethod(TestInvoker.java:173)
at org.testng.internal.MethodRunner.runInSequence(MethodRunner.java:46)
at org.testng.internal.TestInvoker$MethodInvocationAgent.invoke(TestInvoker.java:824)
at org.testng.internal.TestInvoker.invokeTestMethods(TestInvoker.java:146)
at org.testng.internal.TestMethodWorker.invokeTestMethods(TestMethodWorker.java:146)
at org.testng.internal.TestMethodWorker.run(TestMethodWorker.java:128)
at java.base/java.util.ArrayList.forEach(ArrayList.java:1511)
at org.testng.TestRunner.privateRun(TestRunner.java:794)
at org.testng.TestRunner.run(TestRunner.java:596)
at org.testng.SuiteRunner.runTest(SuiteRunner.java:377)
at org.testng.SuiteRunner.runSequentially(SuiteRunner.java:371)
at org.testng.SuiteRunner.privateRun(SuiteRunner.java:332)
at org.testng.SuiteRunner.run(SuiteRunner.java:276)
at org.testng.SuiteRunnerWorker.runSuite(SuiteRunnerWorker.java:53)
at org.testng.SuiteRunnerWorker.run(SuiteRunnerWorker.java:96)
at org.testng.TestNG.runSuitesSequentially(TestNG.java:1212)
at org.testng.TestNG.runSuitesLocally(TestNG.java:1134)
at org.testng.TestNG.runSuites(TestNG.java:1063)
at org.testng.TestNG.run(TestNG.java:1031)
at org.testng.remote.AbstractRemoteTestNG.run(AbstractRemoteTestNG.java:115)
at org.testng.remote.RemoteTestNG.initAndRun(RemoteTestNG.java:251)
at org.testng.remote.RemoteTestNG.main(RemoteTestNG.java:77)
]]>
            </full-stacktrace>
          </exception> <!-- java.lang.NumberFormatException -->
          <reporter-output>
          </reporter-output>
        </test-method> <!-- test1 -->
      </class> <!-- com.test.ExceptionTimeOutTest -->
    </test> <!-- Different testing Feature Test -->
  </suite> <!-- TestNG Session Test Automation Suite -->
</testng-results>
